0 info it worked if it ends with ok
1 verbose cli [ 'C:\\Program Files\\nodejs\\node.exe',
1 verbose cli   'C:\\Program Files\\nodejs\\node_modules\\npm\\bin\\npm-cli.js',
1 verbose cli   'run',
1 verbose cli   'start' ]
2 info using npm@3.10.10
3 info using node@v6.10.2
4 verbose run-script [ 'prestart', 'start', 'poststart' ]
5 info lifecycle paynetics@0.9.0~prestart: paynetics@0.9.0
6 silly lifecycle paynetics@0.9.0~prestart: no script for prestart, continuing
7 info lifecycle paynetics@0.9.0~start: paynetics@0.9.0
8 verbose lifecycle paynetics@0.9.0~start: unsafe-perm in lifecycle true
9 verbose lifecycle paynetics@0.9.0~start: PATH: C:\Program Files\nodejs\node_modules\npm\bin\node-gyp-bin;C:\Dev\Proxiad\react-championship\src\frontend\node_modules\.bin;C:\Program Files (x86)\NVIDIA Corporation\PhysX\Common;C:\ProgramData\Oracle\Java\javapath;C:\WINDOWS\system32;C:\WINDOWS;C:\WINDOWS\System32\Wbem;C:\WINDOWS\System32\WindowsPowerShell\v1.0\;C:\apache-maven-3.3.3\bin;C:\Program Files\Java\jdk1.8.0_60\bin;C:\Program Files\Java\jdk1.8.0_60;C:\Program Files (x86)\Calibre2\;C:\Program Files (x86)\Skype\Phone\;C:\Program Files\TortoiseSVN\bin;C:\Program Files\Broadcom\Broadcom 802.11 Network Adapter;C:\Program Files\OpenVPN\bin;C:\Program Files\nodejs\;C:\Program Files\TortoiseGit\bin;C:\Poker\Poker at bet365.BG\data\QT;C:\Poker\Poker at bet365.BG\data\OpenSSL;C:\Users\Administrator\AppData\Local\atom\bin;C:\Users\Administrator\AppData\Local\Microsoft\WindowsApps;C:\Users\Administrator\AppData\Roaming\npm
10 verbose lifecycle paynetics@0.9.0~start: CWD: C:\Dev\Proxiad\react-championship\src\frontend
11 silly lifecycle paynetics@0.9.0~start: Args: [ '/d /s /c', 'react-scripts start' ]
12 silly lifecycle paynetics@0.9.0~start: Returned: code: 3221225786  signal: null
13 info lifecycle paynetics@0.9.0~start: Failed to exec start script
14 verbose stack Error: paynetics@0.9.0 start: `react-scripts start`
14 verbose stack Exit status 3221225786
14 verbose stack     at EventEmitter.<anonymous> (C:\Program Files\nodejs\node_modules\npm\lib\utils\lifecycle.js:255:16)
14 verbose stack     at emitTwo (events.js:106:13)
14 verbose stack     at EventEmitter.emit (events.js:191:7)
14 verbose stack     at ChildProcess.<anonymous> (C:\Program Files\nodejs\node_modules\npm\lib\utils\spawn.js:40:14)
14 verbose stack     at emitTwo (events.js:106:13)
14 verbose stack     at ChildProcess.emit (events.js:191:7)
14 verbose stack     at maybeClose (internal/child_process.js:886:16)
14 verbose stack     at Process.ChildProcess._handle.onexit (internal/child_process.js:226:5)
15 verbose pkgid paynetics@0.9.0
16 verbose cwd C:\Dev\Proxiad\react-championship\src\frontend
17 error Windows_NT 10.0.14393
18 error argv "C:\\Program Files\\nodejs\\node.exe" "C:\\Program Files\\nodejs\\node_modules\\npm\\bin\\npm-cli.js" "run" "start"
19 error node v6.10.2
20 error npm  v3.10.10
21 error code ELIFECYCLE
22 error paynetics@0.9.0 start: `react-scripts start`
22 error Exit status 3221225786
23 error Failed at the paynetics@0.9.0 start script 'react-scripts start'.
23 error Make sure you have the latest version of node.js and npm installed.
23 error If you do, this is most likely a problem with the paynetics package,
23 error not with npm itself.
23 error Tell the author that this fails on your system:
23 error     react-scripts start
23 error You can get information on how to open an issue for this project with:
23 error     npm bugs paynetics
23 error Or if that isn't available, you can get their info via:
23 error     npm owner ls paynetics
23 error There is likely additional logging output above.
24 verbose exit [ 1, true ]
